<?xml version="1.0" encoding="UTF-8"?>
<!-- Generated by org.testng.reporters.JUnitReportReporter -->
<testsuite hostname="Surya" failures="0" tests="1" name="QueryandPathparameter.QandPParameterRequest" time="1.334" errors="0" timestamp="2025-02-04T15:05:24 EST" skipped="0">
  <testcase classname="QueryandPathparameter.QandPParameterRequest" name="testqueryandpathparameter" time="1.334"/>
</testsuite> <!-- QueryandPathparameter.QandPParameterRequest -->
