<?xml version="1.0" encoding="UTF-8"?>
<!-- Generated by org.testng.reporters.JUnitReportReporter -->
<testsuite hostname="Surya" failures="0" tests="1" name="QueryandPathparameter.CookiesDemo" time="1.342" errors="0" timestamp="2025-02-06T11:44:00 EST" skipped="0">
  <testcase classname="QueryandPathparameter.CookiesDemo" name="testmuliplecookies" time="1.342"/>
</testsuite> <!-- QueryandPathparameter.CookiesDemo -->
