<?xml version="1.0" encoding="UTF-8"?>
<!-- Generated by org.testng.reporters.JUnitReportReporter -->
<testsuite hostname="Surya" failures="0" tests="4" name="Training.HTTPRequest" time="3.838" errors="0" timestamp="2025-01-30T18:15:10 EST" skipped="0">
  <testcase classname="Training.HTTPRequest" name="Getuser" time="2.464"/>
  <testcase classname="Training.HTTPRequest" name="Createuser" time="0.716"/>
  <testcase classname="Training.HTTPRequest" name="updateuser" time="0.354"/>
  <testcase classname="Training.HTTPRequest" name="Deleteuser" time="0.304"/>
</testsuite> <!-- Training.HTTPRequest -->
