<?xml version="1.0" encoding="UTF-8"?>
<!-- Generated by org.testng.reporters.JUnitReportReporter -->
<testsuite hostname="Surya" failures="0" tests="1" name="Differentwaystorequest.ParsingResponsebody" time="1.496" errors="0" timestamp="2025-02-12T16:35:00 EST" skipped="0">
  <testcase classname="Differentwaystorequest.ParsingResponsebody" name="testingjsonResponsedata" time="1.496"/>
</testsuite> <!-- Differentwaystorequest.ParsingResponsebody -->
