<?xml version="1.0" encoding="UTF-8"?>
<!-- Generated by org.testng.reporters.JUnitReportReporter -->
<testsuite hostname="Surya" failures="0" tests="1" name="QueryandPathparameter.HeadersDemo" time="1.341" errors="0" timestamp="2025-02-06T11:38:11 EST" skipped="0">
  <testcase classname="QueryandPathparameter.HeadersDemo" name="testHeaders" time="1.341"/>
</testsuite> <!-- QueryandPathparameter.HeadersDemo -->
