<?xml version="1.0" encoding="UTF-8"?>
<!-- Generated by org.testng.reporters.JUnitReportReporter -->
<testsuite hostname="Surya" failures="0" tests="1" name="Differentwaystorequest.PostRequestbody" time="2.358" errors="0" timestamp="2025-02-04T13:44:50 EST" skipped="0">
  <testcase classname="Differentwaystorequest.PostRequestbody" name="testpostusingExternalfile" time="2.358"/>
</testsuite> <!-- Differentwaystorequest.PostRequestbody -->
